#
# There is insufficient memory for the Java Runtime Environment to continue.
# Native memory allocation (mmap) failed to map 32505856 bytes. Error detail: G1 virtual space
# Possible reasons:
#   The system is out of physical RAM or swap space
#   This process is running with CompressedOops enabled, and the Java Heap may be blocking the growth of the native heap
# Possible solutions:
#   Reduce memory load on the system
#   Increase physical memory or swap space
#   Check if swap backing store is full
#   Decrease Java heap size (-Xmx/-Xms)
#   Decrease number of Java threads
#   Decrease Java thread stack sizes (-Xss)
#   Set larger code cache with -XX:ReservedCodeCacheSize=
#   JVM is running with Unscaled Compressed Oops mode in which the Java heap is
#     placed in the first 4GB address space. The Java Heap base address is the
#     maximum limit for the native heap growth. Please use -XX:HeapBaseMinAddress
#     to set the Java Heap base and to place the Java Heap above 4GB virtual address.
# This output file may be truncated or incomplete.
#
#  Out of Memory Error (os_windows.cpp:3828), pid=2976, tid=3004
#
# JRE version: OpenJDK Runtime Environment (21.0.5) (build 21.0.5+-13047016-b750.29)
# Java VM: OpenJDK 64-Bit Server VM (21.0.5+-13047016-b750.29, mixed mode, tiered, compressed oops, compressed class ptrs, g1 gc, windows-amd64)
# No core dump will be written. Minidumps are not enabled by default on client versions of Windows
#

---------------  S U M M A R Y ------------

Command Line: org.jetbrains.kotlin.cli.jvm.K2JVMCompiler @C:\Users\Coder-x\AndroidStudioProjects\Connect\app\build\20250424_6029665644250863555.compiler.options

Host: Intel(R) Core(TM) i3 CPU       M 370  @ 2.40GHz, 4 cores, 7G,  Windows 10 , 64 bit Build 19041 (10.0.19041.1202)
Time: Thu Apr 24 13:17:25 2025 Egypt Standard Time elapsed time: 22.557756 seconds (0d 0h 0m 22s)

---------------  T H R E A D  ---------------

Current thread (0x0000020a2f7aad80):  VMThread "VM Thread"          [id=3004, stack(0x000000fc09900000,0x000000fc09a00000) (1024K)]

Stack: [0x000000fc09900000,0x000000fc09a00000]
Native frames: (J=compiled Java code, j=interpreted, Vv=VM code, C=native code)
V  [jvm.dll+0x6cfb29]
V  [jvm.dll+0x85df93]
V  [jvm.dll+0x8604ee]
V  [jvm.dll+0x860bd3]
V  [jvm.dll+0x27e6b6]
V  [jvm.dll+0x6cc385]
V  [jvm.dll+0x6c078a]
V  [jvm.dll+0x35525b]
V  [jvm.dll+0x35ceb6]
V  [jvm.dll+0x3aedd6]
V  [jvm.dll+0x3af0a8]
V  [jvm.dll+0x32792c]
V  [jvm.dll+0x3279b7]
V  [jvm.dll+0x36d80c]
V  [jvm.dll+0x36bfbe]
V  [jvm.dll+0x327081]
V  [jvm.dll+0x36b6d0]
V  [jvm.dll+0x866958]
V  [jvm.dll+0x867cd4]
V  [jvm.dll+0x868210]
V  [jvm.dll+0x8684a3]
V  [jvm.dll+0x806368]
V  [jvm.dll+0x6ce3fd]
C  [ucrtbase.dll+0x21bb2]
C  [KERNEL32.DLL+0x17034]
C  [ntdll.dll+0x52651]

VM_Operation (0x000000fc092f94f0): G1CollectForAllocation, mode: safepoint, requested by thread 0x0000020a1681ae00


---------------  P R O C E S S  ---------------

Threads class SMR info:
_java_thread_list=0x0000020a34889550, length=11, elements={
0x0000020a1681ae00, 0x0000020a2f7ce060, 0x0000020a2fa32950, 0x0000020a2fa535f0,
0x0000020a2fa53c50, 0x0000020a2fa42140, 0x0000020a2fa48450, 0x0000020a2fa49250,
0x0000020a2fa4a090, 0x0000020a2fbf5a70, 0x0000020a2fbfc0f0
}

Java Threads: ( => current thread )
  0x0000020a1681ae00 JavaThread "main"                              [_thread_blocked, id=4760, stack(0x000000fc09200000,0x000000fc09300000) (1024K)]
  0x0000020a2f7ce060 JavaThread "Reference Handler"          daemon [_thread_blocked, id=7968, stack(0x000000fc09a00000,0x000000fc09b00000) (1024K)]
  0x0000020a2fa32950 JavaThread "Finalizer"                  daemon [_thread_blocked, id=6148, stack(0x000000fc09b00000,0x000000fc09c00000) (1024K)]
  0x0000020a2fa535f0 JavaThread "Signal Dispatcher"          daemon [_thread_blocked, id=9672, stack(0x000000fc09c00000,0x000000fc09d00000) (1024K)]
  0x0000020a2fa53c50 JavaThread "Attach Listener"            daemon [_thread_blocked, id=448, stack(0x000000fc09d00000,0x000000fc09e00000) (1024K)]
  0x0000020a2fa42140 JavaThread "Service Thread"             daemon [_thread_blocked, id=2984, stack(0x000000fc09e00000,0x000000fc09f00000) (1024K)]
  0x0000020a2fa48450 JavaThread "Monitor Deflation Thread"   daemon [_thread_blocked, id=1416, stack(0x000000fc09f00000,0x000000fc0a000000) (1024K)]
  0x0000020a2fa49250 JavaThread "C2 CompilerThread0"         daemon [_thread_blocked, id=1280, stack(0x000000fc0a000000,0x000000fc0a100000) (1024K)]
  0x0000020a2fa4a090 JavaThread "C1 CompilerThread0"         daemon [_thread_blocked, id=1984, stack(0x000000fc0a100000,0x000000fc0a200000) (1024K)]
  0x0000020a2fbf5a70 JavaThread "Notification Thread"        daemon [_thread_blocked, id=6128, stack(0x000000fc0a200000,0x000000fc0a300000) (1024K)]
  0x0000020a2fbfc0f0 JavaThread "Common-Cleaner"             daemon [_thread_blocked, id=7136, stack(0x000000fc0a300000,0x000000fc0a400000) (1024K)]
Total: 11

Other Threads:
=>0x0000020a2f7aad80 VMThread "VM Thread"                           [id=3004, stack(0x000000fc09900000,0x000000fc09a00000) (1024K)]
  0x0000020a2f715c60 WatcherThread "VM Periodic Task Thread"        [id=5404, stack(0x000000fc09800000,0x000000fc09900000) (1024K)]
  0x0000020a18a67710 WorkerThread "GC Thread#0"                     [id=8844, stack(0x000000fc09300000,0x000000fc09400000) (1024K)]
  0x0000020a342dd2d0 WorkerThread "GC Thread#1"                     [id=4280, stack(0x000000fc0a400000,0x000000fc0a500000) (1024K)]
  0x0000020a3409bac0 WorkerThread "GC Thread#2"                     [id=6840, stack(0x000000fc0a500000,0x000000fc0a600000) (1024K)]
  0x0000020a3439c8b0 WorkerThread "GC Thread#3"                     [id=5316, stack(0x000000fc0a600000,0x000000fc0a700000) (1024K)]
  0x0000020a18a78220 ConcurrentGCThread "G1 Main Marker"            [id=8700, stack(0x000000fc09400000,0x000000fc09500000) (1024K)]
  0x0000020a18a79cd0 WorkerThread "G1 Conc#0"                       [id=10088, stack(0x000000fc09500000,0x000000fc09600000) (1024K)]
  0x0000020a2f5e70e0 ConcurrentGCThread "G1 Refine#0"               [id=9736, stack(0x000000fc09600000,0x000000fc09700000) (1024K)]
  0x0000020a2f5e9780 ConcurrentGCThread "G1 Service"                [id=2208, stack(0x000000fc09700000,0x000000fc09800000) (1024K)]
Total: 10

Threads with active compile tasks:
C2 CompilerThread0  22576 11101       4       org.jetbrains.kotlin.types.TypeUtils::contains (301 bytes)
C1 CompilerThread0  22576 11153       3       org.jetbrains.kotlin.builtins.jvm.JavaToKotlinClassMap::mapJavaToKotlin (20 bytes)
Total: 2

VM state: at safepoint (normal execution)

VM Mutex/Monitor currently owned by a thread:  ([mutex/lock_event])
[0x00007ffc2fc3d360] Threads_lock - owner thread: 0x0000020a2f7aad80
[0x00007ffc2fc3d460] Heap_lock - owner thread: 0x0000020a1681ae00

Heap address: 0x0000000083200000, size: 1998 MB, Compressed Oops mode: 32-bit

CDS archive(s) not mapped
Compressed class space mapped at: 0x0000000100000000-0x0000000140000000, reserved size: 1073741824
Narrow klass base: 0x0000000000000000, Narrow klass shift: 3, Narrow klass range: 0x140000000

GC Precious Log:
 CardTable entry size: 512
 Card Set container configuration: InlinePtr #cards 5 size 8 Array Of Cards #cards 12 size 40 Howl #buckets 4 coarsen threshold 1843 Howl Bitmap #cards 512 size 80 coarsen threshold 460 Card regions per heap region 1 cards per card region 2048
 CPUs: 4 total, 4 available
 Memory: 7989M
 Large Page Support: Disabled
 NUMA Support: Disabled
 Compressed Oops: Enabled (32-bit)
 Heap Region Size: 1M
 Heap Min Capacity: 8M
 Heap Initial Capacity: 126M
 Heap Max Capacity: 1998M
 Pre-touch: Disabled
 Parallel Workers: 4
 Concurrent Workers: 1
 Concurrent Refinement Workers: 4
 Periodic GC: Disabled

Heap:
 garbage-first heap   total 93184K, used 64916K [0x0000000083200000, 0x0000000100000000)
  region size 1024K, 3 young (3072K), 3 survivors (3072K)
 Metaspace       used 64245K, committed 64960K, reserved 1114112K
  class space    used 7172K, committed 7552K, reserved 1048576K

Heap Regions: E=young(eden), S=young(survivor), O=old, HS=humongous(starts), HC=humongous(continues), CS=collection set, F=free, TAMS=top-at-mark-start, PB=parsable bottom
|   0|0x0000000083200000, 0x0000000083300000, 0x0000000083300000|100%|HS|  |TAMS 0x0000000083300000| PB 0x0000000083200000| Complete 
|   1|0x0000000083300000, 0x0000000083400000, 0x0000000083400000|100%|HC|  |TAMS 0x0000000083400000| PB 0x0000000083300000| Complete 
|   2|0x0000000083400000, 0x0000000083500000, 0x0000000083500000|100%|HC|  |TAMS 0x0000000083500000| PB 0x0000000083400000| Complete 
|   3|0x0000000083500000, 0x0000000083600000, 0x0000000083600000|100%|HC|  |TAMS 0x0000000083600000| PB 0x0000000083500000| Complete 
|   4|0x0000000083600000, 0x0000000083700000, 0x0000000083700000|100%| O|  |TAMS 0x0000000083700000| PB 0x0000000083600000| Untracked 
|   5|0x0000000083700000, 0x0000000083800000, 0x0000000083800000|100%| O|  |TAMS 0x0000000083800000| PB 0x0000000083700000| Untracked 
|   6|0x0000000083800000, 0x0000000083900000, 0x0000000083900000|100%| O|  |TAMS 0x0000000083900000| PB 0x0000000083800000| Untracked 
|   7|0x0000000083900000, 0x0000000083a00000, 0x0000000083a00000|100%| O|  |TAMS 0x0000000083a00000| PB 0x0000000083900000| Untracked 
|   8|0x0000000083a00000, 0x0000000083b00000, 0x0000000083b00000|100%| O|  |TAMS 0x0000000083b00000| PB 0x0000000083a00000| Untracked 
|   9|0x0000000083b00000, 0x0000000083c00000, 0x0000000083c00000|100%| O|  |TAMS 0x0000000083c00000| PB 0x0000000083b00000| Untracked 
|  10|0x0000000083c00000, 0x0000000083d00000, 0x0000000083d00000|100%| O|  |TAMS 0x0000000083d00000| PB 0x0000000083c00000| Untracked 
|  11|0x0000000083d00000, 0x0000000083e00000, 0x0000000083e00000|100%| O|  |TAMS 0x0000000083e00000| PB 0x0000000083d00000| Untracked 
|  12|0x0000000083e00000, 0x0000000083f00000, 0x0000000083f00000|100%| O|  |TAMS 0x0000000083f00000| PB 0x0000000083e00000| Untracked 
|  13|0x0000000083f00000, 0x0000000084000000, 0x0000000084000000|100%| O|  |TAMS 0x0000000084000000| PB 0x0000000083f00000| Untracked 
|  14|0x0000000084000000, 0x0000000084100000, 0x0000000084100000|100%| O|  |TAMS 0x0000000084100000| PB 0x0000000084000000| Untracked 
|  15|0x0000000084100000, 0x0000000084200000, 0x0000000084200000|100%| O|  |TAMS 0x0000000084200000| PB 0x0000000084100000| Untracked 
|  16|0x0000000084200000, 0x0000000084300000, 0x0000000084300000|100%| O|  |TAMS 0x0000000084300000| PB 0x0000000084200000| Untracked 
|  17|0x0000000084300000, 0x0000000084400000, 0x0000000084400000|100%| O|  |TAMS 0x0000000084400000| PB 0x0000000084300000| Untracked 
|  18|0x0000000084400000, 0x0000000084500000, 0x0000000084500000|100%|HS|  |TAMS 0x0000000084500000| PB 0x0000000084400000| Complete 
|  19|0x0000000084500000, 0x0000000084600000, 0x0000000084600000|100%|HC|  |TAMS 0x0000000084600000| PB 0x0000000084500000| Complete 
|  20|0x0000000084600000, 0x0000000084700000, 0x0000000084700000|100%| O|  |TAMS 0x0000000084700000| PB 0x0000000084600000| Untracked 
|  21|0x0000000084700000, 0x0000000084800000, 0x0000000084800000|100%| O|  |TAMS 0x0000000084800000| PB 0x0000000084700000| Untracked 
|  22|0x0000000084800000, 0x0000000084900000, 0x0000000084900000|100%| O|  |TAMS 0x0000000084900000| PB 0x0000000084800000| Untracked 
|  23|0x0000000084900000, 0x0000000084a00000, 0x0000000084a00000|100%| O|  |TAMS 0x0000000084a00000| PB 0x0000000084900000| Untracked 
|  24|0x0000000084a00000, 0x0000000084b00000, 0x0000000084b00000|100%| O|  |TAMS 0x0000000084b00000| PB 0x0000000084a00000| Untracked 
|  25|0x0000000084b00000, 0x0000000084c00000, 0x0000000084c00000|100%| O|  |TAMS 0x0000000084c00000| PB 0x0000000084b00000| Untracked 
|  26|0x0000000084c00000, 0x0000000084d00000, 0x0000000084d00000|100%| O|  |TAMS 0x0000000084d00000| PB 0x0000000084c00000| Untracked 
|  27|0x0000000084d00000, 0x0000000084e00000, 0x0000000084e00000|100%| O|  |TAMS 0x0000000084e00000| PB 0x0000000084d00000| Untracked 
|  28|0x0000000084e00000, 0x0000000084f00000, 0x0000000084f00000|100%| O|  |TAMS 0x0000000084f00000| PB 0x0000000084e00000| Untracked 
|  29|0x0000000084f00000, 0x0000000085000000, 0x0000000085000000|100%| O|  |TAMS 0x0000000085000000| PB 0x0000000084f00000| Untracked 
|  30|0x0000000085000000, 0x0000000085100000, 0x0000000085100000|100%| O|  |TAMS 0x0000000085100000| PB 0x0000000085000000| Untracked 
|  31|0x0000000085100000, 0x0000000085200000, 0x0000000085200000|100%| O|  |TAMS 0x0000000085200000| PB 0x0000000085100000| Untracked 
|  32|0x0000000085200000, 0x0000000085300000, 0x0000000085300000|100%| O|  |TAMS 0x0000000085300000| PB 0x0000000085200000| Untracked 
|  33|0x0000000085300000, 0x0000000085400000, 0x0000000085400000|100%| O|  |TAMS 0x0000000085400000| PB 0x0000000085300000| Untracked 
|  34|0x0000000085400000, 0x0000000085500000, 0x0000000085500000|100%| O|  |TAMS 0x0000000085500000| PB 0x0000000085400000| Untracked 
|  35|0x0000000085500000, 0x0000000085600000, 0x0000000085600000|100%| O|  |TAMS 0x0000000085600000| PB 0x0000000085500000| Untracked 
|  36|0x0000000085600000, 0x0000000085700000, 0x0000000085700000|100%| O|  |TAMS 0x0000000085700000| PB 0x0000000085600000| Untracked 
|  37|0x0000000085700000, 0x0000000085800000, 0x0000000085800000|100%| O|  |TAMS 0x0000000085800000| PB 0x0000000085700000| Untracked 
|  38|0x0000000085800000, 0x0000000085900000, 0x0000000085900000|100%| O|  |TAMS 0x0000000085900000| PB 0x0000000085800000| Untracked 
|  39|0x0000000085900000, 0x0000000085a00000, 0x0000000085a00000|100%| O|  |TAMS 0x0000000085a00000| PB 0x0000000085900000| Untracked 
|  40|0x0000000085a00000, 0x0000000085b00000, 0x0000000085b00000|100%| O|  |TAMS 0x0000000085a00000| PB 0x0000000085a00000| Untracked 
|  41|0x0000000085b00000, 0x0000000085c00000, 0x0000000085c00000|100%| O|  |TAMS 0x0000000085c00000| PB 0x0000000085b00000| Untracked 
|  42|0x0000000085c00000, 0x0000000085d00000, 0x0000000085d00000|100%| O|  |TAMS 0x0000000085c00000| PB 0x0000000085c00000| Untracked 
|  43|0x0000000085d00000, 0x0000000085e00000, 0x0000000085e00000|100%| O|  |TAMS 0x0000000085e00000| PB 0x0000000085d00000| Untracked 
|  44|0x0000000085e00000, 0x0000000085f00000, 0x0000000085f00000|100%| O|  |TAMS 0x0000000085f00000| PB 0x0000000085e00000| Untracked 
|  45|0x0000000085f00000, 0x0000000086000000, 0x0000000086000000|100%| O|  |TAMS 0x0000000086000000| PB 0x0000000085f00000| Untracked 
|  46|0x0000000086000000, 0x0000000086100000, 0x0000000086100000|100%| O|  |TAMS 0x0000000086100000| PB 0x0000000086000000| Untracked 
|  47|0x0000000086100000, 0x0000000086200000, 0x0000000086200000|100%| O|  |TAMS 0x0000000086200000| PB 0x0000000086100000| Untracked 
|  48|0x0000000086200000, 0x0000000086300000, 0x0000000086300000|100%| O|  |TAMS 0x0000000086300000| PB 0x0000000086200000| Untracked 
|  49|0x0000000086300000, 0x0000000086400000, 0x0000000086400000|100%| O|  |TAMS 0x0000000086400000| PB 0x0000000086300000| Untracked 
|  50|0x0000000086400000, 0x0000000086500000, 0x0000000086500000|100%| O|  |TAMS 0x0000000086400000| PB 0x0000000086400000| Untracked 
|  51|0x0000000086500000, 0x0000000086600000, 0x0000000086600000|100%| O|  |TAMS 0x0000000086600000| PB 0x0000000086500000| Untracked 
|  52|0x0000000086600000, 0x0000000086700000, 0x0000000086700000|100%| O|  |TAMS 0x0000000086700000| PB 0x0000000086600000| Untracked 
|  53|0x0000000086700000, 0x0000000086800000, 0x0000000086800000|100%| O|  |TAMS 0x0000000086800000| PB 0x0000000086700000| Untracked 
|  54|0x0000000086800000, 0x0000000086900000, 0x0000000086900000|100%| O|  |TAMS 0x0000000086900000| PB 0x0000000086800000| Untracked 
|  55|0x0000000086900000, 0x0000000086a00000, 0x0000000086a00000|100%| O|  |TAMS 0x0000000086a00000| PB 0x0000000086900000| Untracked 
|  56|0x0000000086a00000, 0x0000000086a00000, 0x0000000086b00000|  0%| F|  |TAMS 0x0000000086a00000| PB 0x0000000086a00000| Untracked 
|  57|0x0000000086b00000, 0x0000000086b00000, 0x0000000086c00000|  0%| F|  |TAMS 0x0000000086b00000| PB 0x0000000086b00000| Untracked 
|  58|0x0000000086c00000, 0x0000000086c00000, 0x0000000086d00000|  0%| F|  |TAMS 0x0000000086c00000| PB 0x0000000086c00000| Untracked 
|  59|0x0000000086d00000, 0x0000000086d00000, 0x0000000086e00000|  0%| F|  |TAMS 0x0000000086d00000| PB 0x0000000086d00000| Untracked 
|  60|0x0000000086e00000, 0x0000000086e652a8, 0x0000000086f00000| 39%| O|  |TAMS 0x0000000086e00000| PB 0x0000000086e00000| Untracked 
|  61|0x0000000086f00000, 0x0000000086f00000, 0x0000000087000000|  0%| F|  |TAMS 0x0000000086f00000| PB 0x0000000086f00000| Untracked 
|  62|0x0000000087000000, 0x0000000087000000, 0x0000000087100000|  0%| F|  |TAMS 0x0000000087000000| PB 0x0000000087000000| Untracked 
|  63|0x0000000087100000, 0x0000000087100000, 0x0000000087200000|  0%| F|  |TAMS 0x0000000087100000| PB 0x0000000087100000| Untracked 
|  64|0x0000000087200000, 0x0000000087300000, 0x0000000087300000|100%| S|CS|TAMS 0x0000000087200000| PB 0x0000000087200000| Complete 
|  65|0x0000000087300000, 0x0000000087400000, 0x0000000087400000|100%| S|CS|TAMS 0x0000000087300000| PB 0x0000000087300000| Complete 
|  66|0x0000000087400000, 0x0000000087500000, 0x0000000087500000|100%| S|CS|TAMS 0x0000000087400000| PB 0x0000000087400000| Complete 
|  67|0x0000000087500000, 0x0000000087500000, 0x0000000087600000|  0%| F|  |TAMS 0x0000000087500000| PB 0x0000000087500000| Untracked 
|  68|0x0000000087600000, 0x0000000087600000, 0x0000000087700000|  0%| F|  |TAMS 0x0000000087600000| PB 0x0000000087600000| Untracked 
|  69|0x0000000087700000, 0x0000000087700000, 0x0000000087800000|  0%| F|  |TAMS 0x0000000087700000| PB 0x0000000087700000| Untracked 
|  70|0x0000000087800000, 0x0000000087800000, 0x0000000087900000|  0%| F|  |TAMS 0x0000000087800000| PB 0x0000000087800000| Untracked 
|  71|0x0000000087900000, 0x0000000087900000, 0x0000000087a00000|  0%| F|  |TAMS 0x0000000087900000| PB 0x0000000087900000| Untracked 
|  72|0x0000000087a00000, 0x0000000087a00000, 0x0000000087b00000|  0%| F|  |TAMS 0x0000000087a00000| PB 0x0000000087a00000| Untracked 
|  73|0x0000000087b00000, 0x0000000087b00000, 0x0000000087c00000|  0%| F|  |TAMS 0x0000000087b00000| PB 0x0000000087b00000| Untracked 
|  74|0x0000000087c00000, 0x0000000087c00000, 0x0000000087d00000|  0%| F|  |TAMS 0x0000000087c00000| PB 0x0000000087c00000| Untracked 
|  75|0x0000000087d00000, 0x0000000087d00000, 0x0000000087e00000|  0%| F|  |TAMS 0x0000000087d00000| PB 0x0000000087d00000| Untracked 
|  76|0x0000000087e00000, 0x0000000087e00000, 0x0000000087f00000|  0%| F|  |TAMS 0x0000000087e00000| PB 0x0000000087e00000| Untracked 
|  77|0x0000000087f00000, 0x0000000087f00000, 0x0000000088000000|  0%| F|  |TAMS 0x0000000087f00000| PB 0x0000000087f00000| Untracked 
|  78|0x0000000088000000, 0x0000000088000000, 0x0000000088100000|  0%| F|  |TAMS 0x0000000088000000| PB 0x0000000088000000| Untracked 
|  79|0x0000000088100000, 0x0000000088100000, 0x0000000088200000|  0%| F|  |TAMS 0x0000000088100000| PB 0x0000000088100000| Untracked 
|  80|0x0000000088200000, 0x0000000088200000, 0x0000000088300000|  0%| F|  |TAMS 0x0000000088200000| PB 0x0000000088200000| Untracked 
|  81|0x0000000088300000, 0x0000000088300000, 0x0000000088400000|  0%| F|  |TAMS 0x0000000088300000| PB 0x0000000088300000| Untracked 
|  82|0x0000000088400000, 0x0000000088400000, 0x0000000088500000|  0%| F|  |TAMS 0x0000000088400000| PB 0x0000000088400000| Untracked 
|  83|0x0000000088500000, 0x0000000088500000, 0x0000000088600000|  0%| F|  |TAMS 0x0000000088500000| PB 0x0000000088500000| Untracked 
| 115|0x000000008a500000, 0x000000008a500000, 0x000000008a600000|  0%| F|  |TAMS 0x000000008a500000| PB 0x000000008a500000| Untracked 
| 116|0x000000008a600000, 0x000000008a600000, 0x000000008a700000|  0%| F|  |TAMS 0x000000008a600000| PB 0x000000008a600000| Untracked 
| 125|0x000000008af00000, 0x000000008af00000, 0x000000008b000000|  0%| F|  |TAMS 0x000000008af00000| PB 0x000000008af00000| Untracked 
|1994|0x00000000ffc00000, 0x00000000ffd00000, 0x00000000ffd00000|100%| O|  |TAMS 0x00000000ffc80000| PB 0x00000000ffc00000| Untracked 
|1995|0x00000000ffd00000, 0x00000000ffe00000, 0x00000000ffe00000|100%| O|  |TAMS 0x00000000ffe00000| PB 0x00000000ffd00000| Untracked 
|1996|0x00000000ffe00000, 0x00000000fff00000, 0x00000000fff00000|100%| O|  |TAMS 0x00000000fff00000| PB 0x00000000ffe00000| Untracked 
|1997|0x00000000fff00000, 0x0000000100000000, 0x0000000100000000|100%| O|  |TAMS 0x0000000100000000| PB 0x00000000fff00000| Untracked 

Card table byte_map: [0x0000020a2af70000,0x0000020a2b360000] _byte_map_base: 0x0000020a2ab57000

Marking Bits: (CMBitMap*) 0x0000020a18a67e10
 Bits: [0x0000020a2b360000, 0x0000020a2d298000)

Polling page: 0x0000020a181f0000

Metaspace:

Usage:
  Non-class:     55.74 MB used.
      Class:      7.00 MB used.
       Both:     62.74 MB used.

Virtual space:
  Non-class space:       64.00 MB reserved,      56.06 MB ( 88%) committed,  1 nodes.
      Class space:        1.00 GB reserved,       7.38 MB ( <1%) committed,  1 nodes.
             Both:        1.06 GB reserved,      63.44 MB (  6%) committed. 

Chunk freelists:
   Non-Class:  7.44 MB
       Class:  8.53 MB
        Both:  15.97 MB

MaxMetaspaceSize: unlimited
CompressedClassSpaceSize: 1.00 GB
Initial GC threshold: 21.00 MB
Current GC threshold: 102.75 MB
CDS: off
 - commit_granule_bytes: 65536.
 - commit_granule_words: 8192.
 - virtual_space_node_default_size: 8388608.
 - enlarge_chunks_in_place: 1.
 - use_allocation_guard: 0.


Internal statistics:

num_allocs_failed_limit: 6.
num_arena_births: 1256.
num_arena_deaths: 0.
num_vsnodes_births: 2.
num_vsnodes_deaths: 0.
num_space_committed: 1013.
num_space_uncommitted: 0.
num_chunks_returned_to_freelist: 6.
num_chunks_taken_from_freelist: 3485.
num_chunk_merges: 6.
num_chunk_splits: 2584.
num_chunks_enlarged: 1977.
num_inconsistent_stats: 0.

CodeHeap 'non-profiled nmethods': size=120000Kb used=5271Kb max_used=5271Kb free=114728Kb
 bounds [0x0000020a23650000, 0x0000020a23b80000, 0x0000020a2ab80000]
CodeHeap 'profiled nmethods': size=120000Kb used=28435Kb max_used=28435Kb free=91564Kb
 bounds [0x0000020a1bb80000, 0x0000020a1d750000, 0x0000020a230b0000]
CodeHeap 'non-nmethods': size=5760Kb used=1576Kb max_used=1636Kb free=4183Kb
 bounds [0x0000020a230b0000, 0x0000020a23320000, 0x0000020a23650000]
 total_blobs=10539 nmethods=9903 adapters=537
 compilation: enabled
              stopped_count=0, restarted_count=0
 full_count=0

Compilation events (20 events):
Event: 21.932 Thread 0x0000020a2fa4a090 nmethod 11142 0x0000020a1d738e90 code [0x0000020a1d739400, 0x0000020a1d73ba08]
Event: 21.932 Thread 0x0000020a2fa4a090 11144       3       org.jetbrains.kotlin.descriptors.annotations.AnnotationDescriptorImpl::<init> (44 bytes)
Event: 21.932 Thread 0x0000020a2fa4a090 nmethod 11144 0x0000020a1d73c790 code [0x0000020a1d73c960, 0x0000020a1d73cd10]
Event: 21.932 Thread 0x0000020a2fa4a090 11143       3       org.jetbrains.kotlin.load.kotlin.AbstractBinaryClassAnnotationLoader::isImplicitRepeatableContainer (65 bytes)
Event: 21.934 Thread 0x0000020a2fa4a090 nmethod 11143 0x0000020a1d73ce10 code [0x0000020a1d73d100, 0x0000020a1d73dc50]
Event: 21.934 Thread 0x0000020a2fa4a090 11145       3       org.jetbrains.kotlin.load.kotlin.BinaryClassAnnotationAndConstantLoaderImpl$loadAnnotation$1::visitEnd (78 bytes)
Event: 21.935 Thread 0x0000020a2fa4a090 nmethod 11145 0x0000020a1d73e110 code [0x0000020a1d73e340, 0x0000020a1d73ea50]
Event: 21.935 Thread 0x0000020a2fa4a090 11147       3       org.jetbrains.kotlin.load.kotlin.AbstractBinaryClassAnnotationAndConstantLoader::isRepeatableWithImplicitContainer (110 bytes)
Event: 21.937 Thread 0x0000020a2fa4a090 nmethod 11147 0x0000020a1d73ec90 code [0x0000020a1d73f000, 0x0000020a1d7404b8]
Event: 21.937 Thread 0x0000020a2fa4a090 11148       3       org.jetbrains.kotlin.load.kotlin.BinaryClassAnnotationAndConstantLoaderImpl$loadAnnotation$1::<init> (44 bytes)
Event: 21.937 Thread 0x0000020a2fa4a090 nmethod 11148 0x0000020a1d740b10 code [0x0000020a1d740d00, 0x0000020a1d7412c8]
Event: 21.937 Thread 0x0000020a2fa4a090 11149       3       org.jetbrains.kotlin.load.kotlin.BinaryClassAnnotationAndConstantLoaderImpl::loadAnnotation (45 bytes)
Event: 21.939 Thread 0x0000020a2fa4a090 nmethod 11149 0x0000020a1d741490 code [0x0000020a1d7417c0, 0x0000020a1d742750]
Event: 21.939 Thread 0x0000020a2fa4a090 11146       3       org.jetbrains.kotlin.load.kotlin.AbstractBinaryClassAnnotationAndConstantLoader$loadAnnotationsAndInitializers$1::visitMethod (41 bytes)
Event: 21.941 Thread 0x0000020a2fa4a090 nmethod 11146 0x0000020a1d742d90 code [0x0000020a1d743100, 0x0000020a1d744218]
Event: 21.941 Thread 0x0000020a2fa4a090 11151       3       org.jetbrains.kotlin.load.kotlin.FileBasedKotlinClass$4$2::<init> (38 bytes)
Event: 21.942 Thread 0x0000020a2fa4a090 nmethod 11151 0x0000020a1d744910 code [0x0000020a1d744ac0, 0x0000020a1d744d40]
Event: 21.942 Thread 0x0000020a2fa4a090 11150       1       org.jetbrains.kotlin.serialization.deserialization.ProtoContainer::getSource (5 bytes)
Event: 21.942 Thread 0x0000020a2fa4a090 nmethod 11150 0x0000020a23b75b90 code [0x0000020a23b75d20, 0x0000020a23b75de8]
Event: 21.942 Thread 0x0000020a2fa4a090 11153       3       org.jetbrains.kotlin.builtins.jvm.JavaToKotlinClassMap::mapJavaToKotlin (20 bytes)

GC Heap History (20 events):
Event: 9.956 GC heap after
{Heap after GC invocations=22 (full 0):
 garbage-first heap   total 59392K, used 38400K [0x0000000083200000, 0x0000000100000000)
  region size 1024K, 3 young (3072K), 3 survivors (3072K)
 Metaspace       used 53123K, committed 53824K, reserved 1114112K
  class space    used 6095K, committed 6400K, reserved 1048576K
}
Event: 10.591 GC heap before
{Heap before GC invocations=22 (full 0):
 garbage-first heap   total 59392K, used 51712K [0x0000000083200000, 0x0000000100000000)
  region size 1024K, 16 young (16384K), 3 survivors (3072K)
 Metaspace       used 53404K, committed 54080K, reserved 1114112K
  class space    used 6102K, committed 6400K, reserved 1048576K
}
Event: 10.614 GC heap after
{Heap after GC invocations=23 (full 0):
 garbage-first heap   total 59392K, used 40960K [0x0000000083200000, 0x0000000100000000)
  region size 1024K, 2 young (2048K), 2 survivors (2048K)
 Metaspace       used 53404K, committed 54080K, reserved 1114112K
  class space    used 6102K, committed 6400K, reserved 1048576K
}
Event: 11.149 GC heap before
{Heap before GC invocations=24 (full 0):
 garbage-first heap   total 68608K, used 53248K [0x0000000083200000, 0x0000000100000000)
  region size 1024K, 14 young (14336K), 2 survivors (2048K)
 Metaspace       used 53457K, committed 54144K, reserved 1114112K
  class space    used 6103K, committed 6400K, reserved 1048576K
}
Event: 11.169 GC heap after
{Heap after GC invocations=25 (full 0):
 garbage-first heap   total 68608K, used 44023K [0x0000000083200000, 0x0000000100000000)
  region size 1024K, 2 young (2048K), 2 survivors (2048K)
 Metaspace       used 53457K, committed 54144K, reserved 1114112K
  class space    used 6103K, committed 6400K, reserved 1048576K
}
Event: 11.665 GC heap before
{Heap before GC invocations=25 (full 0):
 garbage-first heap   total 68608K, used 60407K [0x0000000083200000, 0x0000000100000000)
  region size 1024K, 18 young (18432K), 2 survivors (2048K)
 Metaspace       used 53638K, committed 54336K, reserved 1114112K
  class space    used 6111K, committed 6464K, reserved 1048576K
}
Event: 11.685 GC heap after
{Heap after GC invocations=26 (full 0):
 garbage-first heap   total 68608K, used 46884K [0x0000000083200000, 0x0000000100000000)
  region size 1024K, 3 young (3072K), 3 survivors (3072K)
 Metaspace       used 53638K, committed 54336K, reserved 1114112K
  class space    used 6111K, committed 6464K, reserved 1048576K
}
Event: 11.921 GC heap before
{Heap before GC invocations=26 (full 0):
 garbage-first heap   total 68608K, used 61220K [0x0000000083200000, 0x0000000100000000)
  region size 1024K, 17 young (17408K), 3 survivors (3072K)
 Metaspace       used 53821K, committed 54528K, reserved 1114112K
  class space    used 6131K, committed 6464K, reserved 1048576K
}
Event: 11.933 GC heap after
{Heap after GC invocations=27 (full 0):
 garbage-first heap   total 89088K, used 47918K [0x0000000083200000, 0x0000000100000000)
  region size 1024K, 1 young (1024K), 1 survivors (1024K)
 Metaspace       used 53821K, committed 54528K, reserved 1114112K
  class space    used 6131K, committed 6464K, reserved 1048576K
}
Event: 12.261 GC heap before
{Heap before GC invocations=28 (full 0):
 garbage-first heap   total 89088K, used 75566K [0x0000000083200000, 0x0000000100000000)
  region size 1024K, 28 young (28672K), 1 survivors (1024K)
 Metaspace       used 53853K, committed 54528K, reserved 1114112K
  class space    used 6132K, committed 6464K, reserved 1048576K
}
Event: 12.264 GC heap after
{Heap after GC invocations=29 (full 0):
 garbage-first heap   total 89088K, used 47942K [0x0000000083200000, 0x0000000100000000)
  region size 1024K, 1 young (1024K), 1 survivors (1024K)
 Metaspace       used 53853K, committed 54528K, reserved 1114112K
  class space    used 6132K, committed 6464K, reserved 1048576K
}
Event: 14.505 GC heap before
{Heap before GC invocations=29 (full 0):
 garbage-first heap   total 89088K, used 80710K [0x0000000083200000, 0x0000000100000000)
  region size 1024K, 33 young (33792K), 1 survivors (1024K)
 Metaspace       used 60179K, committed 60928K, reserved 1114112K
  class space    used 6977K, committed 7360K, reserved 1048576K
}
Event: 14.529 GC heap after
{Heap after GC invocations=30 (full 0):
 garbage-first heap   total 89088K, used 50572K [0x0000000083200000, 0x0000000100000000)
  region size 1024K, 5 young (5120K), 5 survivors (5120K)
 Metaspace       used 60179K, committed 60928K, reserved 1114112K
  class space    used 6977K, committed 7360K, reserved 1048576K
}
Event: 16.760 GC heap before
{Heap before GC invocations=30 (full 0):
 garbage-first heap   total 89088K, used 77196K [0x0000000083200000, 0x0000000100000000)
  region size 1024K, 31 young (31744K), 5 survivors (5120K)
 Metaspace       used 62306K, committed 63104K, reserved 1114112K
  class space    used 7118K, committed 7488K, reserved 1048576K
}
Event: 16.787 GC heap after
{Heap after GC invocations=31 (full 0):
 garbage-first heap   total 89088K, used 55296K [0x0000000083200000, 0x0000000100000000)
  region size 1024K, 4 young (4096K), 4 survivors (4096K)
 Metaspace       used 62306K, committed 63104K, reserved 1114112K
  class space    used 7118K, committed 7488K, reserved 1048576K
}
Event: 19.375 GC heap before
{Heap before GC invocations=32 (full 0):
 garbage-first heap   total 92160K, used 78848K [0x0000000083200000, 0x0000000100000000)
  region size 1024K, 27 young (27648K), 4 survivors (4096K)
 Metaspace       used 63479K, committed 64256K, reserved 1114112K
  class space    used 7147K, committed 7552K, reserved 1048576K
}
Event: 19.402 GC heap after
{Heap after GC invocations=33 (full 0):
 garbage-first heap   total 92160K, used 58368K [0x0000000083200000, 0x0000000100000000)
  region size 1024K, 3 young (3072K), 3 survivors (3072K)
 Metaspace       used 63479K, committed 64256K, reserved 1114112K
  class space    used 7147K, committed 7552K, reserved 1048576K
}
Event: 20.823 GC heap before
{Heap before GC invocations=33 (full 0):
 garbage-first heap   total 92160K, used 83968K [0x0000000083200000, 0x0000000100000000)
  region size 1024K, 27 young (27648K), 3 survivors (3072K)
 Metaspace       used 63975K, committed 64704K, reserved 1114112K
  class space    used 7162K, committed 7552K, reserved 1048576K
}
Event: 20.855 GC heap after
{Heap after GC invocations=34 (full 0):
 garbage-first heap   total 93184K, used 61548K [0x0000000083200000, 0x0000000100000000)
  region size 1024K, 4 young (4096K), 4 survivors (4096K)
 Metaspace       used 63975K, committed 64704K, reserved 1114112K
  class space    used 7162K, committed 7552K, reserved 1048576K
}
Event: 21.942 GC heap before
{Heap before GC invocations=34 (full 0):
 garbage-first heap   total 93184K, used 82028K [0x0000000083200000, 0x0000000100000000)
  region size 1024K, 24 young (24576K), 4 survivors (4096K)
 Metaspace       used 64245K, committed 64960K, reserved 1114112K
  class space    used 7172K, committed 7552K, reserved 1048576K
}

Dll operation events (3 events):
Event: 0.009 Loaded shared library C:\Program Files\Android\Android Studio\jbr\bin\java.dll
Event: 0.017 Loaded shared library C:\Program Files\Android\Android Studio\jbr\bin\zip.dll
Event: 1.433 Loaded shared library C:\Program Files\Android\Android Studio\jbr\bin\verify.dll

Deoptimization events (20 events):
Event: 21.021 Thread 0x0000020a1681ae00 Uncommon trap: trap_request=0xffffff45 fr.pc=0x0000020a23a13ffc relative=0x000000000000119c
Event: 21.022 Thread 0x0000020a1681ae00 Uncommon trap: reason=unstable_if action=reinterpret pc=0x0000020a23a13ffc method=org.jetbrains.kotlin.parsing.AbstractKotlinParsing.atSet(Lorg/jetbrains/kotlin/com/intellij/psi/tree/TokenSet;)Z @ 84 c2
Event: 21.022 Thread 0x0000020a1681ae00 DEOPT PACKING pc=0x0000020a23a13ffc sp=0x000000fc092f8e50
Event: 21.022 Thread 0x0000020a1681ae00 DEOPT UNPACKING pc=0x0000020a2310469c sp=0x000000fc092f8e20 mode 2
Event: 21.185 Thread 0x0000020a1681ae00 Uncommon trap: trap_request=0xffffff45 fr.pc=0x0000020a23b4859c relative=0x00000000000077fc
Event: 21.185 Thread 0x0000020a1681ae00 Uncommon trap: reason=unstable_if action=reinterpret pc=0x0000020a23b4859c method=org.jetbrains.org.objectweb.asm.ClassReader.readConst(I[C)Ljava/lang/Object; @ 15 c2
Event: 21.185 Thread 0x0000020a1681ae00 DEOPT PACKING pc=0x0000020a23b4859c sp=0x000000fc092f5ba0
Event: 21.185 Thread 0x0000020a1681ae00 DEOPT UNPACKING pc=0x0000020a2310469c sp=0x000000fc092f5a30 mode 2
Event: 21.276 Thread 0x0000020a1681ae00 DEOPT PACKING pc=0x0000020a1cbb35cf sp=0x000000fc092f9400
Event: 21.276 Thread 0x0000020a1681ae00 DEOPT UNPACKING pc=0x0000020a23104e23 sp=0x000000fc092f8920 mode 0
Event: 21.319 Thread 0x0000020a1681ae00 DEOPT PACKING pc=0x0000020a1cc606ce sp=0x000000fc092f87a0
Event: 21.319 Thread 0x0000020a1681ae00 DEOPT UNPACKING pc=0x0000020a23104e23 sp=0x000000fc092f7cb8 mode 0
Event: 21.745 Thread 0x0000020a1681ae00 DEOPT PACKING pc=0x0000020a1cc606ce sp=0x000000fc092fb460
Event: 21.746 Thread 0x0000020a1681ae00 DEOPT UNPACKING pc=0x0000020a23104e23 sp=0x000000fc092fa978 mode 0
Event: 21.775 Thread 0x0000020a1681ae00 DEOPT PACKING pc=0x0000020a1cbb35cf sp=0x000000fc092fa3e0
Event: 21.775 Thread 0x0000020a1681ae00 DEOPT UNPACKING pc=0x0000020a23104e23 sp=0x000000fc092f9900 mode 0
Event: 21.889 Thread 0x0000020a1681ae00 Uncommon trap: trap_request=0xffffff45 fr.pc=0x0000020a2394820c relative=0x000000000000006c
Event: 21.889 Thread 0x0000020a1681ae00 Uncommon trap: reason=unstable_if action=reinterpret pc=0x0000020a2394820c method=org.jetbrains.kotlin.descriptors.impl.ValueParameterDescriptorImpl.declaresDefaultValue()Z @ 4 c2
Event: 21.889 Thread 0x0000020a1681ae00 DEOPT PACKING pc=0x0000020a2394820c sp=0x000000fc092fa530
Event: 21.889 Thread 0x0000020a1681ae00 DEOPT UNPACKING pc=0x0000020a2310469c sp=0x000000fc092fa4c8 mode 2

Classes loaded (20 events):
Event: 14.816 Loading class java/util/Collections$CopiesList
Event: 14.816 Loading class java/util/Collections$CopiesList done
Event: 15.376 Loading class jdk/internal/math/FloatingDecimal
Event: 15.377 Loading class jdk/internal/math/FloatingDecimal done
Event: 15.377 Loading class jdk/internal/math/FloatingDecimal$ExceptionalBinaryToASCIIBuffer
Event: 15.377 Loading class jdk/internal/math/FloatingDecimal$BinaryToASCIIConverter
Event: 15.377 Loading class jdk/internal/math/FloatingDecimal$BinaryToASCIIConverter done
Event: 15.377 Loading class jdk/internal/math/FloatingDecimal$ExceptionalBinaryToASCIIBuffer done
Event: 15.378 Loading class jdk/internal/math/FloatingDecimal$BinaryToASCIIBuffer
Event: 15.378 Loading class jdk/internal/math/FloatingDecimal$BinaryToASCIIBuffer done
Event: 15.378 Loading class jdk/internal/math/FloatingDecimal$1
Event: 15.378 Loading class jdk/internal/math/FloatingDecimal$1 done
Event: 15.378 Loading class jdk/internal/math/FloatingDecimal$PreparedASCIIToBinaryBuffer
Event: 15.378 Loading class jdk/internal/math/FloatingDecimal$ASCIIToBinaryConverter
Event: 15.378 Loading class jdk/internal/math/FloatingDecimal$ASCIIToBinaryConverter done
Event: 15.378 Loading class jdk/internal/math/FloatingDecimal$PreparedASCIIToBinaryBuffer done
Event: 15.378 Loading class jdk/internal/math/FloatingDecimal$ASCIIToBinaryBuffer
Event: 15.379 Loading class jdk/internal/math/FloatingDecimal$ASCIIToBinaryBuffer done
Event: 19.169 Loading class jdk/internal/math/FloatToDecimal
Event: 19.169 Loading class jdk/internal/math/FloatToDecimal done

Classes unloaded (0 events):
No events

Classes redefined (0 events):
No events

Internal exceptions (20 events):
Event: 12.701 Thread 0x0000020a1681ae00 Exception <a 'java/lang/NoSuchMethodError'{0x0000000087c51b38}: 'java.lang.Object java.lang.invoke.Invokers$Holder.linkToTargetMethod(java.lang.Object, java.lang.Object, java.lang.Object, int, java.lang.Object)'> (0x0000000087c51b38) 
thrown [s\src\hotspot\share\interpreter\linkResolver.cpp, line 784]
Event: 12.787 Thread 0x0000020a1681ae00 Exception <a 'java/lang/NoSuchMethodError'{0x0000000087a4b628}: 'void java.lang.invoke.DirectMethodHandle$Holder.invokeInterface(java.lang.Object, java.lang.Object)'> (0x0000000087a4b628) 
thrown [s\src\hotspot\share\interpreter\linkResolver.cpp, line 784]
Event: 12.899 Thread 0x0000020a1681ae00 Exception <a 'java/lang/IncompatibleClassChangeError'{0x00000000879a8620}: Found class java.lang.Object, but interface was expected> (0x00000000879a8620) 
thrown [s\src\hotspot\share\interpreter\linkResolver.cpp, line 851]
Event: 12.914 Thread 0x0000020a1681ae00 Implicit null exception at 0x0000020a23781b5a to 0x0000020a23781c58
Event: 13.140 Thread 0x0000020a1681ae00 Exception <a 'java/lang/NoSuchMethodError'{0x0000000087578460}: 'int java.lang.invoke.DirectMethodHandle$Holder.invokeStaticInit(java.lang.Object, int)'> (0x0000000087578460) 
thrown [s\src\hotspot\share\interpreter\linkResolver.cpp, line 784]
Event: 13.254 Thread 0x0000020a1681ae00 Implicit null exception at 0x0000020a2387b024 to 0x0000020a2387da30
Event: 13.254 Thread 0x0000020a1681ae00 Implicit null exception at 0x0000020a2387b024 to 0x0000020a2387da30
Event: 13.254 Thread 0x0000020a1681ae00 Implicit null exception at 0x0000020a2387b024 to 0x0000020a2387da30
Event: 13.255 Thread 0x0000020a1681ae00 Implicit null exception at 0x0000020a2387b024 to 0x0000020a2387da30
Event: 13.255 Thread 0x0000020a1681ae00 Implicit null exception at 0x0000020a2387b024 to 0x0000020a2387da30
Event: 13.255 Thread 0x0000020a1681ae00 Implicit null exception at 0x0000020a2387b024 to 0x0000020a2387da30
Event: 13.255 Thread 0x0000020a1681ae00 Implicit null exception at 0x0000020a2387b024 to 0x0000020a2387da30
Event: 13.255 Thread 0x0000020a1681ae00 Implicit null exception at 0x0000020a2387b024 to 0x0000020a2387da30
Event: 13.255 Thread 0x0000020a1681ae00 Implicit null exception at 0x0000020a2387b024 to 0x0000020a2387da30
Event: 13.255 Thread 0x0000020a1681ae00 Implicit null exception at 0x0000020a2387b024 to 0x0000020a2387da30
Event: 13.255 Thread 0x0000020a1681ae00 Implicit null exception at 0x0000020a2387b024 to 0x0000020a2387da30
Event: 13.342 Thread 0x0000020a1681ae00 Exception <a 'java/lang/NoSuchMethodError'{0x0000000087285f60}: 'java.lang.Object java.lang.invoke.DirectMethodHandle$Holder.invokeInterface(java.lang.Object, java.lang.Object, java.lang.Object)'> (0x0000000087285f60) 
thrown [s\src\hotspot\share\interpreter\linkResolver.cpp, line 784]
Event: 13.343 Thread 0x0000020a1681ae00 Exception <a 'java/lang/IncompatibleClassChangeError'{0x0000000087289608}: Found class java.lang.Object, but interface was expected> (0x0000000087289608) 
thrown [s\src\hotspot\share\interpreter\linkResolver.cpp, line 851]
Event: 19.116 Thread 0x0000020a1681ae00 Implicit null exception at 0x0000020a2392004a to 0x0000020a239202ac
Event: 19.555 Thread 0x0000020a1681ae00 Exception <a 'java/lang/NoSuchMethodError'{0x00000000885fee88}: 'java.lang.Object java.lang.invoke.DirectMethodHandle$Holder.newInvokeSpecial(java.lang.Object, int, java.lang.Object, java.lang.Object)'> (0x00000000885fee88) 
thrown [s\src\hotspot\share\interpreter\linkResolver.cpp, line 784]

ZGC Phase Switch (0 events):
No events

VM Operations (20 events):
Event: 18.617 Executing VM operation: ICBufferFull done
Event: 19.120 Executing VM operation: ICBufferFull
Event: 19.120 Executing VM operation: ICBufferFull done
Event: 19.314 Executing VM operation: HandshakeAllThreads (Deoptimize)
Event: 19.314 Executing VM operation: HandshakeAllThreads (Deoptimize) done
Event: 19.375 Executing VM operation: G1CollectForAllocation (G1 Evacuation Pause)
Event: 19.402 Executing VM operation: G1CollectForAllocation (G1 Evacuation Pause) done
Event: 19.519 Executing VM operation: HandshakeAllThreads (Deoptimize)
Event: 19.519 Executing VM operation: HandshakeAllThreads (Deoptimize) done
Event: 19.813 Executing VM operation: ICBufferFull
Event: 19.813 Executing VM operation: ICBufferFull done
Event: 20.407 Executing VM operation: ICBufferFull
Event: 20.407 Executing VM operation: ICBufferFull done
Event: 20.452 Executing VM operation: HandshakeAllThreads (Deoptimize)
Event: 20.453 Executing VM operation: HandshakeAllThreads (Deoptimize) done
Event: 20.823 Executing VM operation: G1CollectForAllocation (G1 Evacuation Pause)
Event: 20.855 Executing VM operation: G1CollectForAllocation (G1 Evacuation Pause) done
Event: 21.588 Executing VM operation: ICBufferFull
Event: 21.588 Executing VM operation: ICBufferFull done
Event: 21.942 Executing VM operation: G1CollectForAllocation (G1 Evacuation Pause)

Memory protections (0 events):
No events

Nmethod flushes (20 events):
Event: 17.040 Thread 0x0000020a2f7aad80 flushing  nmethod 0x0000020a1c5b0910
Event: 17.040 Thread 0x0000020a2f7aad80 flushing  nmethod 0x0000020a1c5b1690
Event: 17.040 Thread 0x0000020a2f7aad80 flushing  nmethod 0x0000020a1c5b2690
Event: 17.040 Thread 0x0000020a2f7aad80 flushing  nmethod 0x0000020a1c5b2f10
Event: 17.040 Thread 0x0000020a2f7aad80 flushing  nmethod 0x0000020a1c5cee10
Event: 17.040 Thread 0x0000020a2f7aad80 flushing  nmethod 0x0000020a1c5d9290
Event: 17.040 Thread 0x0000020a2f7aad80 flushing  nmethod 0x0000020a1c5dc390
Event: 17.040 Thread 0x0000020a2f7aad80 flushing  nmethod 0x0000020a1c604710
Event: 17.040 Thread 0x0000020a2f7aad80 flushing  nmethod 0x0000020a1c691890
Event: 17.040 Thread 0x0000020a2f7aad80 flushing  nmethod 0x0000020a1c693790
Event: 17.040 Thread 0x0000020a2f7aad80 flushing  nmethod 0x0000020a1c6a7690
Event: 17.040 Thread 0x0000020a2f7aad80 flushing  nmethod 0x0000020a1c756b90
Event: 17.040 Thread 0x0000020a2f7aad80 flushing  nmethod 0x0000020a1c792610
Event: 17.040 Thread 0x0000020a2f7aad80 flushing  nmethod 0x0000020a1c79dd90
Event: 17.040 Thread 0x0000020a2f7aad80 flushing  nmethod 0x0000020a1c804510
Event: 17.040 Thread 0x0000020a2f7aad80 flushing  nmethod 0x0000020a1c80cb10
Event: 17.040 Thread 0x0000020a2f7aad80 flushing  nmethod 0x0000020a1c815110
Event: 17.040 Thread 0x0000020a2f7aad80 flushing  nmethod 0x0000020a1c867210
Event: 17.040 Thread 0x0000020a2f7aad80 flushing  nmethod 0x0000020a1c905b90
Event: 17.040 Thread 0x0000020a2f7aad80 flushing  nmethod 0x0000020a1c98ae90

Events (19 events):
Event: 0.015 Thread 0x0000020a1681ae00 Thread added: 0x0000020a1681ae00
Event: 0.098 Thread 0x0000020a1681ae00 Thread added: 0x0000020a2f7ce060
Event: 0.098 Thread 0x0000020a1681ae00 Thread added: 0x0000020a2fa32950
Event: 0.100 Thread 0x0000020a1681ae00 Thread added: 0x0000020a2fa535f0
Event: 0.100 Thread 0x0000020a1681ae00 Thread added: 0x0000020a2fa53c50
Event: 0.100 Thread 0x0000020a1681ae00 Thread added: 0x0000020a2fa42140
Event: 0.100 Thread 0x0000020a1681ae00 Thread added: 0x0000020a2fa48450
Event: 0.100 Thread 0x0000020a1681ae00 Thread added: 0x0000020a2fa49250
Event: 0.100 Thread 0x0000020a1681ae00 Thread added: 0x0000020a2fa4a090
Event: 0.165 Thread 0x0000020a1681ae00 Thread added: 0x0000020a2fbf5a70
Event: 0.173 Thread 0x0000020a1681ae00 Thread added: 0x0000020a2fbfc0f0
Event: 0.185 Loaded shared library C:\Program Files\Android\Android Studio\jbr\bin\net.dll
Event: 0.187 Loaded shared library C:\Program Files\Android\Android Studio\jbr\bin\nio.dll
Event: 0.221 Thread 0x0000020a2fa49250 Thread added: 0x0000020a2fc6a070
Event: 0.241 Loaded shared library C:\Program Files\Android\Android Studio\jbr\bin\zip.dll
Event: 0.281 Loaded shared library C:\Program Files\Android\Android Studio\jbr\bin\jimage.dll
Event: 0.687 Thread 0x0000020a2fc6a070 Thread exited: 0x0000020a2fc6a070
Event: 1.905 Thread 0x0000020a2fa4a090 Thread added: 0x0000020a34c80a20
Event: 19.076 Thread 0x0000020a34c80a20 Thread exited: 0x0000020a34c80a20


Dynamic libraries:
0x00007ff687500000 - 0x00007ff68750a000 	C:\Program Files\Android\Android Studio\jbr\bin\java.exe
0x00007ffc65790000 - 0x00007ffc65985000 	C:\Windows\SYSTEM32\ntdll.dll
0x00007ffc65290000 - 0x00007ffc6534e000 	C:\Windows\System32\KERNEL32.DLL
0x00007ffc63330000 - 0x00007ffc635f9000 	C:\Windows\System32\KERNELBASE.dll
0x00007ffc63600000 - 0x00007ffc63700000 	C:\Windows\System32\ucrtbase.dll
0x00007ffc5b530000 - 0x00007ffc5b548000 	C:\Program Files\Android\Android Studio\jbr\bin\jli.dll
0x00007ffc5eaa0000 - 0x00007ffc5eabb000 	C:\Program Files\Android\Android Studio\jbr\bin\VCRUNTIME140.dll
0x00007ffc65470000 - 0x00007ffc65611000 	C:\Windows\System32\USER32.dll
0x00007ffc55700000 - 0x00007ffc5599a000 	C:\Windows\WinSxS\amd64_microsoft.windows.common-controls_6595b64144ccf1df_6.0.19041.1110_none_60b5254171f9507e\COMCTL32.dll
0x00007ffc63700000 - 0x00007ffc63722000 	C:\Windows\System32\win32u.dll
0x00007ffc65160000 - 0x00007ffc651fe000 	C:\Windows\System32\msvcrt.dll
0x00007ffc64b30000 - 0x00007ffc64b5b000 	C:\Windows\System32\GDI32.dll
0x00007ffc63220000 - 0x00007ffc6332b000 	C:\Windows\System32\gdi32full.dll
0x00007ffc63010000 - 0x00007ffc630ad000 	C:\Windows\System32\msvcp_win.dll
0x00007ffc63940000 - 0x00007ffc63970000 	C:\Windows\System32\IMM32.DLL
0x00007ffc60640000 - 0x00007ffc6064c000 	C:\Program Files\Android\Android Studio\jbr\bin\vcruntime140_1.dll
0x00007ffc5b200000 - 0x00007ffc5b28d000 	C:\Program Files\Android\Android Studio\jbr\bin\msvcp140.dll
0x00007ffc2f090000 - 0x00007ffc2fd1a000 	C:\Program Files\Android\Android Studio\jbr\bin\server\jvm.dll
0x00007ffc64e40000 - 0x00007ffc64eec000 	C:\Windows\System32\ADVAPI32.dll
0x00007ffc638a0000 - 0x00007ffc6393b000 	C:\Windows\System32\sechost.dll
0x00007ffc64f50000 - 0x00007ffc6507a000 	C:\Windows\System32\RPCRT4.dll
0x00007ffc64dd0000 - 0x00007ffc64e3b000 	C:\Windows\System32\WS2_32.dll
0x00007ffc62420000 - 0x00007ffc6246b000 	C:\Windows\SYSTEM32\POWRPROF.dll
0x00007ffc56100000 - 0x00007ffc56127000 	C:\Windows\SYSTEM32\WINMM.dll
0x00007ffc58410000 - 0x00007ffc5841a000 	C:\Windows\SYSTEM32\VERSION.dll
0x00007ffc622e0000 - 0x00007ffc622f2000 	C:\Windows\SYSTEM32\UMPDC.dll
0x00007ffc60db0000 - 0x00007ffc60dc2000 	C:\Windows\SYSTEM32\kernel.appcore.dll
0x00007ffc5eb80000 - 0x00007ffc5eb8a000 	C:\Program Files\Android\Android Studio\jbr\bin\jimage.dll
0x00007ffc55b00000 - 0x00007ffc55ce4000 	C:\Windows\SYSTEM32\DBGHELP.DLL
0x00007ffc54090000 - 0x00007ffc540bc000 	C:\Windows\SYSTEM32\dbgcore.DLL
0x00007ffc630b0000 - 0x00007ffc63133000 	C:\Windows\System32\bcryptPrimitives.dll
0x00007ffc5e0c0000 - 0x00007ffc5e0e0000 	C:\Program Files\Android\Android Studio\jbr\bin\java.dll
0x00007ffc5e080000 - 0x00007ffc5e098000 	C:\Program Files\Android\Android Studio\jbr\bin\zip.dll
0x00007ffc63970000 - 0x00007ffc640af000 	C:\Windows\System32\SHELL32.dll
0x00007ffc60fb0000 - 0x00007ffc61740000 	C:\Windows\SYSTEM32\windows.storage.dll
0x00007ffc642a0000 - 0x00007ffc645f5000 	C:\Windows\System32\combase.dll
0x00007ffc62900000 - 0x00007ffc6292c000 	C:\Windows\SYSTEM32\Wldp.dll
0x00007ffc64600000 - 0x00007ffc646ad000 	C:\Windows\System32\SHCORE.dll
0x00007ffc64240000 - 0x00007ffc64295000 	C:\Windows\System32\shlwapi.dll
0x00007ffc62df0000 - 0x00007ffc62e0f000 	C:\Windows\SYSTEM32\profapi.dll
0x00007ffc5e9e0000 - 0x00007ffc5e9f0000 	C:\Program Files\Android\Android Studio\jbr\bin\net.dll
0x00007ffc5b970000 - 0x00007ffc5ba78000 	C:\Windows\SYSTEM32\WINHTTP.dll
0x00007ffc62660000 - 0x00007ffc626ca000 	C:\Windows\system32\mswsock.dll
0x00007ffc5b500000 - 0x00007ffc5b516000 	C:\Program Files\Android\Android Studio\jbr\bin\nio.dll
0x00007ffc5eaf0000 - 0x00007ffc5eb00000 	C:\Program Files\Android\Android Studio\jbr\bin\verify.dll

dbghelp: loaded successfully - version: 4.0.5 - missing functions: none
symbol engine: initialized successfully - sym options: 0x614 - pdb path: .;C:\Program Files\Android\Android Studio\jbr\bin;C:\Windows\SYSTEM32;C:\Windows\WinSxS\amd64_microsoft.windows.common-controls_6595b64144ccf1df_6.0.19041.1110_none_60b5254171f9507e;C:\Program Files\Android\Android Studio\jbr\bin\server

VM Arguments:
java_command: org.jetbrains.kotlin.cli.jvm.K2JVMCompiler @C:\Users\Coder-x\AndroidStudioProjects\Connect\app\build\20250424_6029665644250863555.compiler.options
java_class_path (initial): C:\Users\Coder-x\.gradle\caches\modules-2\files-2.1\org.jetbrains.kotlin\kotlin-compiler-embeddable\1.9.24\78dab849090e6c5e2eadb6e59a11cdc28fb67a08\kotlin-compiler-embeddable-1.9.24.jar;C:\Users\Coder-x\.gradle\caches\modules-2\files-2.1\org.jetbrains.kotlin\kotlin-stdlib\1.9.24\9928532f12c66ad816a625b3f9984f8368ca6d2b\kotlin-stdlib-1.9.24.jar;C:\Users\Coder-x\.gradle\caches\modules-2\files-2.1\org.jetbrains.kotlin\kotlin-script-runtime\1.9.24\96771497da90fbc5af1c90fce148db2595a62502\kotlin-script-runtime-1.9.24.jar;C:\Users\Coder-x\.gradle\caches\modules-2\files-2.1\org.jetbrains.kotlin\kotlin-reflect\1.6.10\1cbe9c92c12a94eea200d23c2bbaedaf3daf5132\kotlin-reflect-1.6.10.jar;C:\Users\Coder-x\.gradle\caches\modules-2\files-2.1\org.jetbrains.kotlin\kotlin-daemon-embeddable\1.9.24\86685b9c5e8d170925bd9ddbdc263374a6a73281\kotlin-daemon-embeddable-1.9.24.jar;C:\Users\Coder-x\.gradle\caches\modules-2\files-2.1\org.jetbrains.intellij.deps\trove4j\1.0.20200330\3afb14d5f9ceb459d724e907a21145e8ff394f02\trove4j-1.0.20200330.jar;C:\Users\Coder-x\.gradle\caches\modules-2\files-2.1\org.jetbrains\annotations\13.0\919f0dfe192fb4e063e7dacadee7f8bb9a2672a9\annotations-13.0.jar
Launcher Type: SUN_STANDARD

[Global flags]
     intx CICompilerCount                          = 3                                         {product} {ergonomic}
     uint ConcGCThreads                            = 1                                         {product} {ergonomic}
     uint G1ConcRefinementThreads                  = 4                                         {product} {ergonomic}
   size_t G1HeapRegionSize                         = 1048576                                   {product} {ergonomic}
    uintx GCDrainStackTargetSize                   = 64                                        {product} {ergonomic}
   size_t InitialHeapSize                          = 132120576                                 {product} {ergonomic}
   size_t MarkStackSize                            = 4194304                                   {product} {ergonomic}
   size_t MaxHeapSize                              = 2095054848                                {product} {ergonomic}
   size_t MaxNewSize                               = 1256194048                                {product} {ergonomic}
   size_t MinHeapDeltaBytes                        = 1048576                                   {product} {ergonomic}
   size_t MinHeapSize                              = 8388608                                   {product} {ergonomic}
    uintx NonNMethodCodeHeapSize                   = 5832780                                {pd product} {ergonomic}
    uintx NonProfiledCodeHeapSize                  = 122912730                              {pd product} {ergonomic}
    uintx ProfiledCodeHeapSize                     = 122912730                              {pd product} {ergonomic}
    uintx ReservedCodeCacheSize                    = 251658240                              {pd product} {ergonomic}
     bool SegmentedCodeCache                       = true                                      {product} {ergonomic}
   size_t SoftMaxHeapSize                          = 2095054848                             {manageable} {ergonomic}
     bool UseCompressedOops                        = true                           {product lp64_product} {ergonomic}
     bool UseG1GC                                  = true                                      {product} {ergonomic}
     bool UseLargePagesIndividualAllocation        = false                                  {pd product} {ergonomic}

Logging:
Log output configuration:
 #0: stdout all=warning uptime,level,tags foldmultilines=false
 #1: stderr all=off uptime,level,tags foldmultilines=false

Environment Variables:
PATH=C:\Program Files (x86)\Common Files\Oracle\Java\javapath;C:\Windows\system32;C:\Windows;C:\Windows\System32\Wbem;C:\Windows\System32\WindowsPowerShell\v1.0\;C:\Windows\System32\OpenSSH\;C:\Program Files\Microsoft VS Code\bin;C:\Program Files\Git\cmd;c:\Program Files (x86)\Microsoft SQL Server\100\Tools\Binn\;c:\Program Files\Microsoft SQL Server\100\Tools\Binn\;c:\Program Files\Microsoft SQL Server\100\DTS\Binn\;c:\Program Files (x86)\Microsoft SQL Server\100\Tools\Binn\VSShell\Common7\IDE\;c:\Program Files (x86)\Microsoft SQL Server\100\DTS\Binn\;C:\Program Files\Microsoft SQL Server\90\Tools\binn
USERNAME=Coder-x
OS=Windows_NT
PROCESSOR_IDENTIFIER=Intel64 Family 6 Model 37 Stepping 5, GenuineIntel
TMP=C:\Users\Coder-x\AppData\Local\Temp
TEMP=C:\Users\Coder-x\AppData\Local\Temp




Periodic native trim disabled

JNI global refs:
JNI global refs: 11, weak refs: 12

JNI global refs memory usage: 835, weak refs: 833

Process memory usage:
Resident Set Size: 285500K (3% of 8181604K total physical memory with 364336K free physical memory)

OOME stack traces (most recent first):
Classloader memory used:
Loader jdk.internal.loader.ClassLoaders$AppClassLoader                                 : 51517K
Loader bootstrap                                                                       : 12727K

---------------  S Y S T E M  ---------------

OS:
 Windows 10 , 64 bit Build 19041 (10.0.19041.1202)
OS uptime: 0 days 4:04 hours

CPU: total 4 (initial active 4) (2 cores per cpu, 2 threads per core) family 6 model 37 stepping 5 microcode 0x7, cx8, cmov, fxsr, ht, mmx, sse, sse2, sse3, ssse3, sse4.1, sse4.2, popcnt, tsc, tscinvbit, clflush, rdtscp
Processor Information for all 4 processors :
  Max Mhz: 2399, Current Mhz: 2399, Mhz Limit: 2399

Memory: 4k page, system-wide physical 7989M (355M free)
TotalPageFile size 12081M (AvailPageFile size 17M)
current process WorkingSet (physical memory assigned to process): 278M, peak: 288M
current process commit charge ("private bytes"): 307M, peak: 339M

vm_info: OpenJDK 64-Bit Server VM (21.0.5+-13047016-b750.29) for windows-amd64 JRE (21.0.5+-13047016-b750.29), built on 2025-02-11T21:12:39Z by "builder" with MS VC++ 16.10 / 16.11 (VS2019)

END.
